[2017-11-08 10:17:07.413] [INFO] resLogger - 
*************** response log start ***************
request method: GET
request originalUrl:  /
request client ip:  ::1
request query:  {}
response time: 2
response status: 200
response body: 
{"code":10001,"msg":"no data"}
*************** response log end ***************

[2017-11-08 10:17:09.520] [INFO] resLogger - 
*************** response log start ***************
request method: GET
request originalUrl:  /
request client ip:  ::1
request query:  {}
response time: 0
response status: 200
response body: 
{"code":10001,"msg":"no data"}
*************** response log end ***************

[2017-11-08 10:17:20.318] [INFO] resLogger - 
*************** response log start ***************
request method: GET
request originalUrl:  /api/users/getUser
request client ip:  ::1
request query:  {}
response time: 2
response status: 200
response body: 
{"code":0,"message":"success","data":{"username":"黄强","age":25}}
*************** response log end ***************

[2017-11-08 10:24:56.545] [INFO] resLogger - 
*************** response log start ***************
request method: GET
request originalUrl:  /api/users/getUser
request client ip:  ::1
request query:  {}
response time: 3
response status: 200
response body: 
{"code":0,"message":"success","data":{"username":"黄强","age":25}}
*************** response log end ***************

[2017-11-08 10:24:57.338] [INFO] resLogger - 
*************** response log start ***************
request method: GET
request originalUrl:  /api/users/getUser
request client ip:  ::1
request query:  {}
response time: 1
response status: 200
response body: 
{"code":0,"message":"success","data":{"username":"黄强","age":25}}
*************** response log end ***************

[2017-11-08 10:24:57.560] [INFO] resLogger - 
*************** response log start ***************
request method: GET
request originalUrl:  /api/users/getUser
request client ip:  ::1
request query:  {}
response time: 0
response status: 200
response body: 
{"code":0,"message":"success","data":{"username":"黄强","age":25}}
*************** response log end ***************

[2017-11-08 10:24:57.735] [INFO] resLogger - 
*************** response log start ***************
request method: GET
request originalUrl:  /api/users/getUser
request client ip:  ::1
request query:  {}
response time: 1
response status: 200
response body: 
{"code":0,"message":"success","data":{"username":"黄强","age":25}}
*************** response log end ***************

[2017-11-08 10:24:57.895] [INFO] resLogger - 
*************** response log start ***************
request method: GET
request originalUrl:  /api/users/getUser
request client ip:  ::1
request query:  {}
response time: 0
response status: 200
response body: 
{"code":0,"message":"success","data":{"username":"黄强","age":25}}
*************** response log end ***************

[2017-11-08 10:25:01.746] [INFO] resLogger - 
*************** response log start ***************
request method: GET
request originalUrl:  /
request client ip:  ::1
request query:  {}
response time: 0
response status: 404
response body: 
undefined
*************** response log end ***************

[2017-11-08 10:25:05.552] [INFO] resLogger - 
*************** response log start ***************
request method: GET
request originalUrl:  /api/users/getUser
request client ip:  ::1
request query:  {}
response time: 1
response status: 200
response body: 
{"code":0,"message":"success","data":{"username":"黄强","age":25}}
*************** response log end ***************

