[2017-11-08 11:25:47.215] [ERROR] errorLogger - 
*************** error log start ***************
request method: GET
request originalUrl:  /api/users/getUser
request client ip:  ::1
request query:  {}
response time: 1
err name: ReferenceError
err message: ApiError is not defined
err stack: ReferenceError: ApiError is not defined
    at D:\koa2-example\middlewares\response_formatter.js:26:33
    at <anonymous>
*************** error log end ***************

[2017-11-08 11:25:52.576] [ERROR] errorLogger - 
*************** error log start ***************
request method: GET
request originalUrl:  /api/users/getUser
request client ip:  ::1
request query:  {}
response time: 0
err name: ReferenceError
err message: ApiError is not defined
err stack: ReferenceError: ApiError is not defined
    at D:\koa2-example\middlewares\response_formatter.js:26:33
    at <anonymous>
*************** error log end ***************

[2017-11-08 11:27:16.036] [ERROR] errorLogger - 
*************** error log start ***************
request method: GET
request originalUrl:  /api/users/getUser
request client ip:  ::1
request query:  {}
response time: 6
err name: userNotExit
err message: 用户不存在
err stack: userNotExit: 用户不存在
    at exports.getUser (D:\koa2-example\app\controllers\user.js:5:15)
    at dispatch (D:\koa2-example\node_modules\_koa-compose@3.2.1@koa-compose\index.js:44:32)
    at next (D:\koa2-example\node_modules\_koa-compose@3.2.1@koa-compose\index.js:45:18)
    at D:\koa2-example\node_modules\_koa-router@7.2.1@koa-router\lib\router.js:345:16
    at dispatch (D:\koa2-example\node_modules\_koa-compose@3.2.1@koa-compose\index.js:44:32)
    at D:\koa2-example\node_modules\_koa-compose@3.2.1@koa-compose\index.js:36:12
    at dispatch (D:\koa2-example\node_modules\_koa-router@7.2.1@koa-router\lib\router.js:350:31)
    at dispatch (D:\koa2-example\node_modules\_koa-compose@4.0.0@koa-compose\index.js:42:32)
    at next (D:\koa2-example\node_modules\_koa-compose@4.0.0@koa-compose\index.js:43:18)
    at D:\koa2-example\middlewares\response_formatter.js:24:19
    at dispatch (D:\koa2-example\node_modules\_koa-compose@4.0.0@koa-compose\index.js:42:32)
    at next (D:\koa2-example\node_modules\_koa-compose@4.0.0@koa-compose\index.js:43:18)
    at app.use (D:\koa2-example\app.js:36:11)
    at dispatch (D:\koa2-example\node_modules\_koa-compose@4.0.0@koa-compose\index.js:42:32)
    at next (D:\koa2-example\node_modules\_koa-compose@4.0.0@koa-compose\index.js:43:18)
    at app.use (D:\koa2-example\app.js:27:9)
*************** error log end ***************

[2017-11-08 11:27:16.960] [ERROR] errorLogger - 
*************** error log start ***************
request method: GET
request originalUrl:  /api/users/getUser
request client ip:  ::1
request query:  {}
response time: 1
err name: userNotExit
err message: 用户不存在
err stack: userNotExit: 用户不存在
    at exports.getUser (D:\koa2-example\app\controllers\user.js:5:15)
    at dispatch (D:\koa2-example\node_modules\_koa-compose@3.2.1@koa-compose\index.js:44:32)
    at next (D:\koa2-example\node_modules\_koa-compose@3.2.1@koa-compose\index.js:45:18)
    at D:\koa2-example\node_modules\_koa-router@7.2.1@koa-router\lib\router.js:345:16
    at dispatch (D:\koa2-example\node_modules\_koa-compose@3.2.1@koa-compose\index.js:44:32)
    at D:\koa2-example\node_modules\_koa-compose@3.2.1@koa-compose\index.js:36:12
    at dispatch (D:\koa2-example\node_modules\_koa-router@7.2.1@koa-router\lib\router.js:350:31)
    at dispatch (D:\koa2-example\node_modules\_koa-compose@4.0.0@koa-compose\index.js:42:32)
    at next (D:\koa2-example\node_modules\_koa-compose@4.0.0@koa-compose\index.js:43:18)
    at D:\koa2-example\middlewares\response_formatter.js:24:19
    at dispatch (D:\koa2-example\node_modules\_koa-compose@4.0.0@koa-compose\index.js:42:32)
    at next (D:\koa2-example\node_modules\_koa-compose@4.0.0@koa-compose\index.js:43:18)
    at app.use (D:\koa2-example\app.js:36:11)
    at dispatch (D:\koa2-example\node_modules\_koa-compose@4.0.0@koa-compose\index.js:42:32)
    at next (D:\koa2-example\node_modules\_koa-compose@4.0.0@koa-compose\index.js:43:18)
    at app.use (D:\koa2-example\app.js:27:9)
*************** error log end ***************

[2017-11-08 11:27:17.344] [ERROR] errorLogger - 
*************** error log start ***************
request method: GET
request originalUrl:  /api/users/getUser
request client ip:  ::1
request query:  {}
response time: 1
err name: userNotExit
err message: 用户不存在
err stack: userNotExit: 用户不存在
    at exports.getUser (D:\koa2-example\app\controllers\user.js:5:15)
    at dispatch (D:\koa2-example\node_modules\_koa-compose@3.2.1@koa-compose\index.js:44:32)
    at next (D:\koa2-example\node_modules\_koa-compose@3.2.1@koa-compose\index.js:45:18)
    at D:\koa2-example\node_modules\_koa-router@7.2.1@koa-router\lib\router.js:345:16
    at dispatch (D:\koa2-example\node_modules\_koa-compose@3.2.1@koa-compose\index.js:44:32)
    at D:\koa2-example\node_modules\_koa-compose@3.2.1@koa-compose\index.js:36:12
    at dispatch (D:\koa2-example\node_modules\_koa-router@7.2.1@koa-router\lib\router.js:350:31)
    at dispatch (D:\koa2-example\node_modules\_koa-compose@4.0.0@koa-compose\index.js:42:32)
    at next (D:\koa2-example\node_modules\_koa-compose@4.0.0@koa-compose\index.js:43:18)
    at D:\koa2-example\middlewares\response_formatter.js:24:19
    at dispatch (D:\koa2-example\node_modules\_koa-compose@4.0.0@koa-compose\index.js:42:32)
    at next (D:\koa2-example\node_modules\_koa-compose@4.0.0@koa-compose\index.js:43:18)
    at app.use (D:\koa2-example\app.js:36:11)
    at dispatch (D:\koa2-example\node_modules\_koa-compose@4.0.0@koa-compose\index.js:42:32)
    at next (D:\koa2-example\node_modules\_koa-compose@4.0.0@koa-compose\index.js:43:18)
    at app.use (D:\koa2-example\app.js:27:9)
*************** error log end ***************

[2017-11-08 11:27:17.685] [ERROR] errorLogger - 
*************** error log start ***************
request method: GET
request originalUrl:  /api/users/getUser
request client ip:  ::1
request query:  {}
response time: 0
err name: userNotExit
err message: 用户不存在
err stack: userNotExit: 用户不存在
    at exports.getUser (D:\koa2-example\app\controllers\user.js:5:15)
    at dispatch (D:\koa2-example\node_modules\_koa-compose@3.2.1@koa-compose\index.js:44:32)
    at next (D:\koa2-example\node_modules\_koa-compose@3.2.1@koa-compose\index.js:45:18)
    at D:\koa2-example\node_modules\_koa-router@7.2.1@koa-router\lib\router.js:345:16
    at dispatch (D:\koa2-example\node_modules\_koa-compose@3.2.1@koa-compose\index.js:44:32)
    at D:\koa2-example\node_modules\_koa-compose@3.2.1@koa-compose\index.js:36:12
    at dispatch (D:\koa2-example\node_modules\_koa-router@7.2.1@koa-router\lib\router.js:350:31)
    at dispatch (D:\koa2-example\node_modules\_koa-compose@4.0.0@koa-compose\index.js:42:32)
    at next (D:\koa2-example\node_modules\_koa-compose@4.0.0@koa-compose\index.js:43:18)
    at D:\koa2-example\middlewares\response_formatter.js:24:19
    at dispatch (D:\koa2-example\node_modules\_koa-compose@4.0.0@koa-compose\index.js:42:32)
    at next (D:\koa2-example\node_modules\_koa-compose@4.0.0@koa-compose\index.js:43:18)
    at app.use (D:\koa2-example\app.js:36:11)
    at dispatch (D:\koa2-example\node_modules\_koa-compose@4.0.0@koa-compose\index.js:42:32)
    at next (D:\koa2-example\node_modules\_koa-compose@4.0.0@koa-compose\index.js:43:18)
    at app.use (D:\koa2-example\app.js:27:9)
*************** error log end ***************

